  Using bundled DotNet SDK version: 6.0.302
  Running UnrealBuildTool: dotnet "..\..\Engine\Binaries\DotNET\UnrealBuildTool\UnrealBuildTool.dll" IdleAdventureEditor Win64 Development -Project="C:\Users\John\Documents\GitHub\IdleAdventure\IdleAdventure\IdleAdventure.uproject" -WaitMutex -FromMsBuild
  Log file: C:\Users\John\AppData\Local\UnrealBuildTool\Log.txt
  Using 'git status' to determine working set for adaptive non-unity build (C:\Users\John\Documents\GitHub\IdleAdventure).
  Building IdleAdventureEditor...
  Using Visual Studio 2019 14.29.30146 toolchain (C:\Program Files (x86)\Microsoft Visual Studio\2019\Community\VC\Tools\MSVC\14.29.30133) and Windows 10.0.19041.0 SDK (C:\Program Files (x86)\Windows Kits\10).
  Notice: Visual Studio 2019 will no longer be supported for the installed engine in UE 5.3. Compiling code for Microsoft platforms will require Visual Studio 2022 in UE 5.4 and beyond.
  [Upgrade]
  [Upgrade] Using backward-compatible include order. The latest version of UE has changed the order of includes, which may require code changes. The current setting is:
  [Upgrade]     IncludeOrderVersion = EngineIncludeOrderVersion.Unreal5_0
  [Upgrade] Suppress this message by setting 'IncludeOrderVersion = EngineIncludeOrderVersion.Unreal5_2;' in IdleAdventureEditor.Target.cs.
  [Upgrade] Alternatively you can set this to 'EngineIncludeOrderVersion.Latest' to always use the latest include order. This will potentially cause compile errors when integrating new versions of the engine.
  [Upgrade]
  Determining max actions to execute in parallel (8 physical cores, 8 logical cores)
    Executing up to 8 processes, one per physical core
    Requested 1.5 GB free memory per action, 3.03 GB available: limiting max parallel actions to 2
  Building 4 actions with 2 processes...
  [1/4] Compile [x64] IdlePlayerController.cpp
  [2/4] Link [x64] UnrealEditor-IdleAdventure-0011.lib
     Creating library C:\Users\John\Documents\GitHub\IdleAdventure\IdleAdventure\Intermediate\Build\Win64\x64\UnrealEditor\Development\IdleAdventure\UnrealEditor-IdleAdventure-0011.lib and object C:\Users\John\Documents\GitHub\IdleAdventure\IdleAdventure\Intermediate\Build\Win64\x64\UnrealEditor\Development\IdleAdventure\UnrealEditor-IdleAdventure-0011.exp
  [3/4] Link [x64] UnrealEditor-IdleAdventure-0011.dll
     Creating library C:\Users\John\Documents\GitHub\IdleAdventure\IdleAdventure\Intermediate\Build\Win64\x64\UnrealEditor\Development\IdleAdventure\UnrealEditor-IdleAdventure-0011.suppressed.lib and object C:\Users\John\Documents\GitHub\IdleAdventure\IdleAdventure\Intermediate\Build\Win64\x64\UnrealEditor\Development\IdleAdventure\UnrealEditor-IdleAdventure-0011.suppressed.exp
  [4/4] WriteMetadata IdleAdventureEditor.target
  Total time in Parallel executor: 3.44 seconds
  Total execution time: 4.10 seconds
